<?xml version="1.0" encoding="UTF-8"?>
<coverage generated="1761388806923" clover="3.2.0">
  <project timestamp="1761388806923" name="All files">
    <metrics statements="25" coveredstatements="25" conditionals="8" coveredconditionals="8" methods="13" coveredmethods="13" elements="46" coveredelements="46" complexity="0" loc="25" ncloc="25" packages="1" files="4" classes="4"/>
    <file name="Card.jsx" path="C:\Users\Diya\Desktop\openclassrooms\projets\Appli-location-immo-React\location-immo-avec-react\src\components\Card.jsx">
      <metrics statements="2" coveredstatements="2" conditionals="0" coveredconditionals="0" methods="1" coveredmethods="1"/>
      <line num="1" count="1" type="stmt"/>
      <line num="3" count="2" type="stmt"/>
    </file>
    <file name="Collaps.jsx" path="C:\Users\Diya\Desktop\openclassrooms\projets\Appli-location-immo-React\location-immo-avec-react\src\components\Collaps.jsx">
      <metrics statements="5" coveredstatements="5" conditionals="0" coveredconditionals="0" methods="3" coveredmethods="3"/>
      <line num="1" count="1" type="stmt"/>
      <line num="2" count="1" type="stmt"/>
      <line num="4" count="2" type="stmt"/>
      <line num="5" count="3" type="stmt"/>
      <line num="12" count="1" type="stmt"/>
    </file>
    <file name="Gallery.jsx" path="C:\Users\Diya\Desktop\openclassrooms\projets\Appli-location-immo-React\location-immo-avec-react\src\components\Gallery.jsx">
      <metrics statements="15" coveredstatements="15" conditionals="5" coveredconditionals="5" methods="7" coveredmethods="7"/>
      <line num="1" count="1" type="stmt"/>
      <line num="3" count="1" type="stmt"/>
      <line num="4" count="1" type="stmt"/>
      <line num="5" count="1" type="stmt"/>
      <line num="6" count="1" type="stmt"/>
      <line num="8" count="4" type="cond" truecount="2" falsecount="0"/>
      <line num="9" count="15" type="stmt"/>
      <line num="10" count="15" type="stmt"/>
      <line num="12" count="15" type="stmt"/>
      <line num="13" count="4" type="cond" truecount="2" falsecount="0"/>
      <line num="14" count="3" type="stmt"/>
      <line num="20" count="2" type="stmt"/>
      <line num="25" count="2" type="stmt"/>
      <line num="28" count="15" type="stmt"/>
      <line num="30" count="8" type="stmt"/>
    </file>
    <file name="Rating.jsx" path="C:\Users\Diya\Desktop\openclassrooms\projets\Appli-location-immo-React\location-immo-avec-react\src\components\Rating.jsx">
      <metrics statements="3" coveredstatements="3" conditionals="3" coveredconditionals="3" methods="2" coveredmethods="2"/>
      <line num="1" count="3" type="cond" truecount="1" falsecount="0"/>
      <line num="2" count="3" type="stmt"/>
      <line num="6" count="15" type="cond" truecount="2" falsecount="0"/>
    </file>
  </project>
</coverage>
