{"C:\\Users\\Diya\\Desktop\\openclassrooms\\projets\\Appli-location-immo-React\\location-immo-avec-react\\src\\components\\Card.jsx": {"path":"C:\\Users\\Diya\\Desktop\\openclassrooms\\projets\\Appli-location-immo-React\\location-immo-avec-react\\src\\components\\Card.jsx","statementMap":{"0":{"start":{"line":3,"column":24},"end":{"line":3,"column":29}},"1":{"start":{"line":1,"column":21},"end":{"line":1,"column":null}}},"fnMap":{"0":{"name":"Card","decl":{"start":{"line":3,"column":24},"end":{"line":3,"column":29}},"loc":{"start":{"line":3,"column":52},"end":{"line":10,"column":null}}}},"branchMap":{},"s":{"0":2,"1":1},"f":{"0":2},"b":{}}
,"C:\\Users\\Diya\\Desktop\\openclassrooms\\projets\\Appli-location-immo-React\\location-immo-avec-react\\src\\components\\Collaps.jsx": {"path":"C:\\Users\\Diya\\Desktop\\openclassrooms\\projets\\Appli-location-immo-React\\location-immo-avec-react\\src\\components\\Collaps.jsx","statementMap":{"0":{"start":{"line":4,"column":24},"end":{"line":4,"column":32}},"1":{"start":{"line":1,"column":25},"end":{"line":1,"column":null}},"2":{"start":{"line":2,"column":25},"end":{"line":2,"column":null}},"3":{"start":{"line":5,"column":26},"end":{"line":5,"column":null}},"4":{"start":{"line":12,"column":23},"end":{"line":12,"column":null}},"5":{"start":{"line":12,"column":38},"end":{"line":12,"column":null}}},"fnMap":{"0":{"name":"Collaps","decl":{"start":{"line":4,"column":24},"end":{"line":4,"column":32}},"loc":{"start":{"line":4,"column":47},"end":{"line":24,"column":null}}},"1":{"name":"(anonymous_3)","decl":{"start":{"line":12,"column":17},"end":{"line":12,"column":23}},"loc":{"start":{"line":12,"column":23},"end":{"line":12,"column":null}}},"2":{"name":"(anonymous_4)","decl":{"start":{"line":12,"column":31},"end":{"line":12,"column":32}},"loc":{"start":{"line":12,"column":38},"end":{"line":12,"column":null}}}},"branchMap":{},"s":{"0":2,"1":1,"2":1,"3":3,"4":1,"5":1},"f":{"0":3,"1":1,"2":1},"b":{}}
,"C:\\Users\\Diya\\Desktop\\openclassrooms\\projets\\Appli-location-immo-React\\location-immo-avec-react\\src\\components\\Gallery.jsx": {"path":"C:\\Users\\Diya\\Desktop\\openclassrooms\\projets\\Appli-location-immo-React\\location-immo-avec-react\\src\\components\\Gallery.jsx","statementMap":{"0":{"start":{"line":8,"column":24},"end":{"line":8,"column":32}},"1":{"start":{"line":1,"column":36},"end":{"line":1,"column":null}},"2":{"start":{"line":3,"column":22},"end":{"line":3,"column":null}},"3":{"start":{"line":4,"column":23},"end":{"line":4,"column":null}},"4":{"start":{"line":5,"column":25},"end":{"line":5,"column":null}},"5":{"start":{"line":6,"column":26},"end":{"line":6,"column":null}},"6":{"start":{"line":9,"column":30},"end":{"line":9,"column":null}},"7":{"start":{"line":10,"column":28},"end":{"line":10,"column":null}},"8":{"start":{"line":12,"column":2},"end":{"line":16,"column":null}},"9":{"start":{"line":13,"column":4},"end":{"line":15,"column":null}},"10":{"start":{"line":14,"column":6},"end":{"line":14,"column":null}},"11":{"start":{"line":20,"column":4},"end":{"line":20,"column":null}},"12":{"start":{"line":20,"column":28},"end":{"line":20,"column":75}},"13":{"start":{"line":25,"column":4},"end":{"line":25,"column":62}},"14":{"start":{"line":25,"column":28},"end":{"line":25,"column":59}},"15":{"start":{"line":28,"column":2},"end":{"line":31,"column":null}},"16":{"start":{"line":30,"column":4},"end":{"line":30,"column":null}}},"fnMap":{"0":{"name":"Gallery","decl":{"start":{"line":8,"column":24},"end":{"line":8,"column":32}},"loc":{"start":{"line":8,"column":57},"end":{"line":73,"column":null}}},"1":{"name":"(anonymous_3)","decl":{"start":{"line":12,"column":12},"end":{"line":12,"column":null}},"loc":{"start":{"line":12,"column":12},"end":{"line":16,"column":5}}},"2":{"name":"left","decl":{"start":{"line":18,"column":11},"end":{"line":18,"column":null}},"loc":{"start":{"line":18,"column":11},"end":{"line":21,"column":null}}},"3":{"name":"(anonymous_5)","decl":{"start":{"line":20,"column":13},"end":{"line":20,"column":14}},"loc":{"start":{"line":20,"column":28},"end":{"line":20,"column":75}}},"4":{"name":"right","decl":{"start":{"line":23,"column":11},"end":{"line":23,"column":null}},"loc":{"start":{"line":23,"column":11},"end":{"line":26,"column":null}}},"5":{"name":"(anonymous_7)","decl":{"start":{"line":25,"column":13},"end":{"line":25,"column":14}},"loc":{"start":{"line":25,"column":28},"end":{"line":25,"column":59}}},"6":{"name":"(anonymous_8)","decl":{"start":{"line":28,"column":12},"end":{"line":28,"column":null}},"loc":{"start":{"line":28,"column":12},"end":{"line":31,"column":5}}}},"branchMap":{"0":{"loc":{"start":{"line":8,"column":34},"end":{"line":8,"column":45}},"type":"default-arg","locations":[{"start":{"line":8,"column":43},"end":{"line":8,"column":45}}]},"1":{"loc":{"start":{"line":8,"column":47},"end":{"line":8,"column":55}},"type":"default-arg","locations":[{"start":{"line":8,"column":53},"end":{"line":8,"column":55}}]},"2":{"loc":{"start":{"line":13,"column":4},"end":{"line":15,"column":null}},"type":"if","locations":[{"start":{"line":13,"column":4},"end":{"line":15,"column":null}},{"start":{},"end":{}}]},"3":{"loc":{"start":{"line":36,"column":7},"end":{"line":36,"column":null}},"type":"binary-expr","locations":[{"start":{"line":36,"column":7},"end":{"line":36,"column":null}}]}},"s":{"0":4,"1":1,"2":1,"3":1,"4":1,"5":1,"6":15,"7":15,"8":15,"9":4,"10":3,"11":2,"12":2,"13":2,"14":2,"15":15,"16":8},"f":{"0":15,"1":4,"2":2,"3":2,"4":2,"5":2,"6":8},"b":{"0":[1],"1":[13],"2":[3,1],"3":[15]}}
,"C:\\Users\\Diya\\Desktop\\openclassrooms\\projets\\Appli-location-immo-React\\location-immo-avec-react\\src\\components\\Rating.jsx": {"path":"C:\\Users\\Diya\\Desktop\\openclassrooms\\projets\\Appli-location-immo-React\\location-immo-avec-react\\src\\components\\Rating.jsx","statementMap":{"0":{"start":{"line":1,"column":24},"end":{"line":1,"column":31}},"1":{"start":{"line":2,"column":16},"end":{"line":2,"column":null}},"2":{"start":{"line":6,"column":8},"end":{"line":6,"column":22}}},"fnMap":{"0":{"name":"Rating","decl":{"start":{"line":1,"column":24},"end":{"line":1,"column":31}},"loc":{"start":{"line":1,"column":44},"end":{"line":10,"column":null}}},"1":{"name":"(anonymous_2)","decl":{"start":{"line":5,"column":17},"end":{"line":5,"column":null}},"loc":{"start":{"line":6,"column":8},"end":{"line":6,"column":22}}}},"branchMap":{"0":{"loc":{"start":{"line":1,"column":33},"end":{"line":1,"column":42}},"type":"default-arg","locations":[{"start":{"line":1,"column":41},"end":{"line":1,"column":42}}]},"1":{"loc":{"start":{"line":6,"column":58},"end":{"line":6,"column":118}},"type":"cond-expr","locations":[{"start":{"line":6,"column":71},"end":{"line":6,"column":103}},{"start":{"line":6,"column":103},"end":{"line":6,"column":118}}]}},"s":{"0":3,"1":3,"2":15},"f":{"0":3,"1":15},"b":{"0":[1],"1":[8,7]}}
}
