TN:
SF:src\components\Card.jsx
FN:3,Card
FNF:1
FNH:1
FNDA:2,Card
DA:1,1
DA:3,2
LF:2
LH:2
BRF:0
BRH:0
end_of_record
TN:
SF:src\components\Collaps.jsx
FN:4,Collaps
FN:12,(anonymous_3)
FN:12,(anonymous_4)
FNF:3
FNH:3
FNDA:3,Collaps
FNDA:1,(anonymous_3)
FNDA:1,(anonymous_4)
DA:1,1
DA:2,1
DA:4,2
DA:5,3
DA:12,1
LF:5
LH:5
BRF:0
BRH:0
end_of_record
TN:
SF:src\components\Gallery.jsx
FN:8,Gallery
FN:12,(anonymous_3)
FN:18,left
FN:20,(anonymous_5)
FN:23,right
FN:25,(anonymous_7)
FN:28,(anonymous_8)
FNF:7
FNH:7
FNDA:15,Gallery
FNDA:4,(anonymous_3)
FNDA:2,left
FNDA:2,(anonymous_5)
FNDA:2,right
FNDA:2,(anonymous_7)
FNDA:8,(anonymous_8)
DA:1,1
DA:3,1
DA:4,1
DA:5,1
DA:6,1
DA:8,4
DA:9,15
DA:10,15
DA:12,15
DA:13,4
DA:14,3
DA:20,2
DA:25,2
DA:28,15
DA:30,8
LF:15
LH:15
BRDA:8,0,0,1
BRDA:8,1,0,13
BRDA:13,2,0,3
BRDA:13,2,1,1
BRDA:36,3,0,15
BRF:5
BRH:5
end_of_record
TN:
SF:src\components\Rating.jsx
FN:1,Rating
FN:5,(anonymous_2)
FNF:2
FNH:2
FNDA:3,Rating
FNDA:15,(anonymous_2)
DA:1,3
DA:2,3
DA:6,15
LF:3
LH:3
BRDA:1,0,0,1
BRDA:6,1,0,8
BRDA:6,1,1,7
BRF:3
BRH:3
end_of_record
